{"/Users/mehedi/Documents/SecureMern/server/index.js": {"path":"/Users/mehedi/Documents/SecureMern/server/index.js","statementMap":{"0":{"start":{"line":2,"column":0},"end":{"line":2,"column":27}},"1":{"start":{"line":3,"column":22},"end":{"line":3,"column":40}},"2":{"start":{"line":4,"column":22},"end":{"line":4,"column":39}},"3":{"start":{"line":5,"column":22},"end":{"line":5,"column":37}},"4":{"start":{"line":6,"column":22},"end":{"line":6,"column":51}},"5":{"start":{"line":7,"column":22},"end":{"line":7,"column":46}},"6":{"start":{"line":8,"column":22},"end":{"line":8,"column":41}},"7":{"start":{"line":9,"column":22},"end":{"line":9,"column":46}},"8":{"start":{"line":11,"column":12},"end":{"line":11,"column":21}},"9":{"start":{"line":12,"column":0},"end":{"line":12,"column":23}},"10":{"start":{"line":13,"column":0},"end":{"line":13,"column":23}},"11":{"start":{"line":16,"column":0},"end":{"line":16,"column":26}},"12":{"start":{"line":19,"column":0},"end":{"line":19,"column":18}},"13":{"start":{"line":22,"column":0},"end":{"line":28,"column":4}},"14":{"start":{"line":29,"column":0},"end":{"line":29,"column":25}},"15":{"start":{"line":32,"column":0},"end":{"line":32,"column":24}},"16":{"start":{"line":33,"column":0},"end":{"line":33,"column":24}},"17":{"start":{"line":36,"column":0},"end":{"line":40,"column":4}},"18":{"start":{"line":43,"column":0},"end":{"line":43,"column":65}},"19":{"start":{"line":43,"column":37},"end":{"line":43,"column":63}},"20":{"start":{"line":46,"column":0},"end":{"line":46,"column":33}},"21":{"start":{"line":54,"column":0},"end":{"line":61,"column":1}},"22":{"start":{"line":55,"column":2},"end":{"line":57,"column":56}},"23":{"start":{"line":56,"column":16},"end":{"line":56,"column":48}},"24":{"start":{"line":57,"column":18},"end":{"line":57,"column":54}},"25":{"start":{"line":59,"column":15},"end":{"line":59,"column":39}},"26":{"start":{"line":60,"column":2},"end":{"line":60,"column":67}},"27":{"start":{"line":60,"column":25},"end":{"line":60,"column":65}},"28":{"start":{"line":64,"column":0},"end":{"line":64,"column":21}}},"fnMap":{"0":{"name":"(anonymous_0)","decl":{"start":{"line":43,"column":23},"end":{"line":43,"column":24}},"loc":{"start":{"line":43,"column":37},"end":{"line":43,"column":63}},"line":43},"1":{"name":"(anonymous_1)","decl":{"start":{"line":56,"column":10},"end":{"line":56,"column":11}},"loc":{"start":{"line":56,"column":16},"end":{"line":56,"column":48}},"line":56},"2":{"name":"(anonymous_2)","decl":{"start":{"line":57,"column":11},"end":{"line":57,"column":12}},"loc":{"start":{"line":57,"column":18},"end":{"line":57,"column":54}},"line":57},"3":{"name":"(anonymous_3)","decl":{"start":{"line":60,"column":19},"end":{"line":60,"column":20}},"loc":{"start":{"line":60,"column":25},"end":{"line":60,"column":65}},"line":60}},"branchMap":{"0":{"loc":{"start":{"line":54,"column":0},"end":{"line":61,"column":1}},"type":"if","locations":[{"start":{"line":54,"column":0},"end":{"line":61,"column":1}},{"start":{},"end":{}}],"line":54},"1":{"loc":{"start":{"line":59,"column":15},"end":{"line":59,"column":39}},"type":"binary-expr","locations":[{"start":{"line":59,"column":15},"end":{"line":59,"column":31}},{"start":{"line":59,"column":35},"end":{"line":59,"column":39}}],"line":59}},"s":{"0":1,"1":1,"2":1,"3":1,"4":1,"5":1,"6":1,"7":1,"8":1,"9":1,"10":1,"11":1,"12":1,"13":1,"14":1,"15":1,"16":1,"17":1,"18":1,"19":0,"20":1,"21":1,"22":0,"23":0,"24":0,"25":0,"26":0,"27":0,"28":1},"f":{"0":0,"1":0,"2":0,"3":0},"b":{"0":[0,1],"1":[0,0]},"_coverageSchema":"1a1c01bbd47fc00a2c39e90264f33305004495a9","hash":"0c4bfc5e94e4901428d30519ecf0952786cb814d"}
,"/Users/mehedi/Documents/SecureMern/server/models/User.js": {"path":"/Users/mehedi/Documents/SecureMern/server/models/User.js","statementMap":{"0":{"start":{"line":2,"column":17},"end":{"line":2,"column":36}},"1":{"start":{"line":4,"column":19},"end":{"line":26,"column":2}},"2":{"start":{"line":28,"column":0},"end":{"line":28,"column":52}}},"fnMap":{},"branchMap":{},"s":{"0":1,"1":1,"2":1},"f":{},"b":{},"_coverageSchema":"1a1c01bbd47fc00a2c39e90264f33305004495a9","hash":"84b5b829ff6b62eedcf02b940afc6091377994a2"}
,"/Users/mehedi/Documents/SecureMern/server/models/loginHistory.js": {"path":"/Users/mehedi/Documents/SecureMern/server/models/loginHistory.js","statementMap":{"0":{"start":{"line":2,"column":17},"end":{"line":2,"column":36}},"1":{"start":{"line":4,"column":27},"end":{"line":8,"column":2}},"2":{"start":{"line":10,"column":0},"end":{"line":10,"column":68}}},"fnMap":{},"branchMap":{},"s":{"0":1,"1":1,"2":1},"f":{},"b":{},"_coverageSchema":"1a1c01bbd47fc00a2c39e90264f33305004495a9","hash":"e2abb407de6f939965bb424b04945a7ebe76145f"}
,"/Users/mehedi/Documents/SecureMern/server/routes/auth.js": {"path":"/Users/mehedi/Documents/SecureMern/server/routes/auth.js","statementMap":{"0":{"start":{"line":2,"column":29},"end":{"line":2,"column":56}},"1":{"start":{"line":3,"column":35},"end":{"line":3,"column":63}},"2":{"start":{"line":4,"column":29},"end":{"line":4,"column":46}},"3":{"start":{"line":5,"column":29},"end":{"line":5,"column":52}},"4":{"start":{"line":6,"column":29},"end":{"line":6,"column":46}},"5":{"start":{"line":7,"column":29},"end":{"line":7,"column":48}},"6":{"start":{"line":8,"column":29},"end":{"line":8,"column":54}},"7":{"start":{"line":9,"column":29},"end":{"line":9,"column":62}},"8":{"start":{"line":10,"column":29},"end":{"line":10,"column":58}},"9":{"start":{"line":13,"column":24},"end":{"line":13,"column":29}},"10":{"start":{"line":14,"column":24},"end":{"line":14,"column":28}},"11":{"start":{"line":17,"column":21},"end":{"line":26,"column":2}},"12":{"start":{"line":20,"column":14},"end":{"line":20,"column":55}},"13":{"start":{"line":22,"column":4},"end":{"line":24,"column":77}},"14":{"start":{"line":29,"column":0},"end":{"line":43,"column":3}},"15":{"start":{"line":30,"column":20},"end":{"line":30,"column":28}},"16":{"start":{"line":31,"column":2},"end":{"line":31,"column":73}},"17":{"start":{"line":31,"column":14},"end":{"line":31,"column":73}},"18":{"start":{"line":33,"column":15},"end":{"line":33,"column":44}},"19":{"start":{"line":34,"column":2},"end":{"line":34,"column":72}},"20":{"start":{"line":34,"column":13},"end":{"line":34,"column":72}},"21":{"start":{"line":36,"column":17},"end":{"line":36,"column":29}},"22":{"start":{"line":37,"column":17},"end":{"line":37,"column":42}},"23":{"start":{"line":38,"column":17},"end":{"line":40,"column":58}},"24":{"start":{"line":42,"column":2},"end":{"line":42,"column":30}},"25":{"start":{"line":46,"column":0},"end":{"line":78,"column":2}},"26":{"start":{"line":53,"column":19},"end":{"line":53,"column":40}},"27":{"start":{"line":54,"column":4},"end":{"line":55,"column":62}},"28":{"start":{"line":55,"column":6},"end":{"line":55,"column":62}},"29":{"start":{"line":57,"column":32},"end":{"line":57,"column":40}},"30":{"start":{"line":58,"column":4},"end":{"line":59,"column":71}},"31":{"start":{"line":59,"column":6},"end":{"line":59,"column":71}},"32":{"start":{"line":61,"column":19},"end":{"line":61,"column":50}},"33":{"start":{"line":62,"column":28},"end":{"line":65,"column":6}},"34":{"start":{"line":67,"column":17},"end":{"line":71,"column":6}},"35":{"start":{"line":73,"column":4},"end":{"line":76,"column":7}},"36":{"start":{"line":81,"column":0},"end":{"line":127,"column":2}},"37":{"start":{"line":90,"column":19},"end":{"line":90,"column":40}},"38":{"start":{"line":91,"column":4},"end":{"line":92,"column":62}},"39":{"start":{"line":92,"column":6},"end":{"line":92,"column":62}},"40":{"start":{"line":94,"column":47},"end":{"line":94,"column":55}},"41":{"start":{"line":95,"column":17},"end":{"line":95,"column":46}},"42":{"start":{"line":96,"column":4},"end":{"line":97,"column":70}},"43":{"start":{"line":97,"column":6},"end":{"line":97,"column":70}},"44":{"start":{"line":99,"column":18},"end":{"line":99,"column":63}},"45":{"start":{"line":100,"column":4},"end":{"line":101,"column":70}},"46":{"start":{"line":101,"column":6},"end":{"line":101,"column":70}},"47":{"start":{"line":103,"column":18},"end":{"line":103,"column":72}},"48":{"start":{"line":104,"column":4},"end":{"line":105,"column":67}},"49":{"start":{"line":105,"column":6},"end":{"line":105,"column":67}},"50":{"start":{"line":108,"column":25},"end":{"line":108,"column":107}},"51":{"start":{"line":109,"column":25},"end":{"line":109,"column":111}},"52":{"start":{"line":112,"column":4},"end":{"line":115,"column":7}},"53":{"start":{"line":118,"column":4},"end":{"line":125,"column":29}},"54":{"start":{"line":131,"column":0},"end":{"line":144,"column":3}},"55":{"start":{"line":132,"column":16},"end":{"line":132,"column":40}},"56":{"start":{"line":133,"column":2},"end":{"line":133,"column":41}},"57":{"start":{"line":133,"column":14},"end":{"line":133,"column":41}},"58":{"start":{"line":135,"column":2},"end":{"line":143,"column":5}},"59":{"start":{"line":136,"column":4},"end":{"line":136,"column":40}},"60":{"start":{"line":136,"column":13},"end":{"line":136,"column":40}},"61":{"start":{"line":137,"column":22},"end":{"line":141,"column":5}},"62":{"start":{"line":142,"column":4},"end":{"line":142,"column":41}},"63":{"start":{"line":147,"column":0},"end":{"line":155,"column":3}},"64":{"start":{"line":148,"column":2},"end":{"line":154,"column":21}},"65":{"start":{"line":158,"column":21},"end":{"line":170,"column":1}},"66":{"start":{"line":159,"column":21},"end":{"line":159,"column":52}},"67":{"start":{"line":160,"column":16},"end":{"line":162,"column":10}},"68":{"start":{"line":163,"column":2},"end":{"line":163,"column":41}},"69":{"start":{"line":163,"column":14},"end":{"line":163,"column":41}},"70":{"start":{"line":165,"column":2},"end":{"line":169,"column":5}},"71":{"start":{"line":166,"column":4},"end":{"line":166,"column":40}},"72":{"start":{"line":166,"column":13},"end":{"line":166,"column":40}},"73":{"start":{"line":167,"column":4},"end":{"line":167,"column":28}},"74":{"start":{"line":168,"column":4},"end":{"line":168,"column":11}},"75":{"start":{"line":173,"column":0},"end":{"line":177,"column":3}},"76":{"start":{"line":174,"column":15},"end":{"line":174,"column":79}},"77":{"start":{"line":175,"column":2},"end":{"line":175,"column":40}},"78":{"start":{"line":175,"column":13},"end":{"line":175,"column":40}},"79":{"start":{"line":176,"column":2},"end":{"line":176,"column":17}},"80":{"start":{"line":180,"column":0},"end":{"line":187,"column":3}},"81":{"start":{"line":181,"column":17},"end":{"line":185,"column":11}},"82":{"start":{"line":186,"column":2},"end":{"line":186,"column":58}},"83":{"start":{"line":186,"column":28},"end":{"line":186,"column":54}},"84":{"start":{"line":190,"column":0},"end":{"line":198,"column":3}},"85":{"start":{"line":191,"column":15},"end":{"line":191,"column":46}},"86":{"start":{"line":192,"column":2},"end":{"line":192,"column":40}},"87":{"start":{"line":192,"column":13},"end":{"line":192,"column":40}},"88":{"start":{"line":194,"column":17},"end":{"line":194,"column":29}},"89":{"start":{"line":195,"column":17},"end":{"line":195,"column":42}},"90":{"start":{"line":196,"column":17},"end":{"line":196,"column":126}},"91":{"start":{"line":197,"column":2},"end":{"line":197,"column":30}},"92":{"start":{"line":201,"column":0},"end":{"line":214,"column":3}},"93":{"start":{"line":202,"column":15},"end":{"line":202,"column":46}},"94":{"start":{"line":203,"column":2},"end":{"line":203,"column":40}},"95":{"start":{"line":203,"column":13},"end":{"line":203,"column":40}},"96":{"start":{"line":205,"column":26},"end":{"line":208,"column":4}},"97":{"start":{"line":210,"column":2},"end":{"line":210,"column":28}},"98":{"start":{"line":211,"column":2},"end":{"line":211,"column":20}},"99":{"start":{"line":213,"column":2},"end":{"line":213,"column":30}},"100":{"start":{"line":273,"column":0},"end":{"line":273,"column":24}}},"fnMap":{"0":{"name":"(anonymous_0)","decl":{"start":{"line":20,"column":8},"end":{"line":20,"column":9}},"loc":{"start":{"line":20,"column":14},"end":{"line":20,"column":55}},"line":20},"1":{"name":"(anonymous_1)","decl":{"start":{"line":21,"column":11},"end":{"line":21,"column":12}},"loc":{"start":{"line":21,"column":25},"end":{"line":25,"column":3}},"line":21},"2":{"name":"(anonymous_2)","decl":{"start":{"line":29,"column":24},"end":{"line":29,"column":25}},"loc":{"start":{"line":29,"column":44},"end":{"line":43,"column":1}},"line":29},"3":{"name":"(anonymous_3)","decl":{"start":{"line":52,"column":2},"end":{"line":52,"column":3}},"loc":{"start":{"line":52,"column":22},"end":{"line":77,"column":3}},"line":52},"4":{"name":"(anonymous_4)","decl":{"start":{"line":89,"column":2},"end":{"line":89,"column":3}},"loc":{"start":{"line":89,"column":22},"end":{"line":126,"column":3}},"line":89},"5":{"name":"(anonymous_5)","decl":{"start":{"line":131,"column":24},"end":{"line":131,"column":25}},"loc":{"start":{"line":131,"column":38},"end":{"line":144,"column":1}},"line":131},"6":{"name":"(anonymous_6)","decl":{"start":{"line":135,"column":48},"end":{"line":135,"column":49}},"loc":{"start":{"line":135,"column":66},"end":{"line":143,"column":3}},"line":135},"7":{"name":"(anonymous_7)","decl":{"start":{"line":147,"column":23},"end":{"line":147,"column":24}},"loc":{"start":{"line":147,"column":37},"end":{"line":155,"column":1}},"line":147},"8":{"name":"(anonymous_8)","decl":{"start":{"line":158,"column":21},"end":{"line":158,"column":22}},"loc":{"start":{"line":158,"column":41},"end":{"line":170,"column":1}},"line":158},"9":{"name":"(anonymous_9)","decl":{"start":{"line":165,"column":44},"end":{"line":165,"column":45}},"loc":{"start":{"line":165,"column":62},"end":{"line":169,"column":3}},"line":165},"10":{"name":"(anonymous_10)","decl":{"start":{"line":173,"column":32},"end":{"line":173,"column":33}},"loc":{"start":{"line":173,"column":52},"end":{"line":177,"column":1}},"line":173},"11":{"name":"(anonymous_11)","decl":{"start":{"line":180,"column":37},"end":{"line":180,"column":38}},"loc":{"start":{"line":180,"column":57},"end":{"line":187,"column":1}},"line":180},"12":{"name":"(anonymous_12)","decl":{"start":{"line":186,"column":22},"end":{"line":186,"column":23}},"loc":{"start":{"line":186,"column":28},"end":{"line":186,"column":54}},"line":186},"13":{"name":"(anonymous_13)","decl":{"start":{"line":190,"column":33},"end":{"line":190,"column":34}},"loc":{"start":{"line":190,"column":53},"end":{"line":198,"column":1}},"line":190},"14":{"name":"(anonymous_14)","decl":{"start":{"line":201,"column":45},"end":{"line":201,"column":46}},"loc":{"start":{"line":201,"column":65},"end":{"line":214,"column":1}},"line":201}},"branchMap":{"0":{"loc":{"start":{"line":31,"column":2},"end":{"line":31,"column":73}},"type":"if","locations":[{"start":{"line":31,"column":2},"end":{"line":31,"column":73}},{"start":{},"end":{}}],"line":31},"1":{"loc":{"start":{"line":34,"column":2},"end":{"line":34,"column":72}},"type":"if","locations":[{"start":{"line":34,"column":2},"end":{"line":34,"column":72}},{"start":{},"end":{}}],"line":34},"2":{"loc":{"start":{"line":54,"column":4},"end":{"line":55,"column":62}},"type":"if","locations":[{"start":{"line":54,"column":4},"end":{"line":55,"column":62}},{"start":{},"end":{}}],"line":54},"3":{"loc":{"start":{"line":58,"column":4},"end":{"line":59,"column":71}},"type":"if","locations":[{"start":{"line":58,"column":4},"end":{"line":59,"column":71}},{"start":{},"end":{}}],"line":58},"4":{"loc":{"start":{"line":91,"column":4},"end":{"line":92,"column":62}},"type":"if","locations":[{"start":{"line":91,"column":4},"end":{"line":92,"column":62}},{"start":{},"end":{}}],"line":91},"5":{"loc":{"start":{"line":96,"column":4},"end":{"line":97,"column":70}},"type":"if","locations":[{"start":{"line":96,"column":4},"end":{"line":97,"column":70}},{"start":{},"end":{}}],"line":96},"6":{"loc":{"start":{"line":100,"column":4},"end":{"line":101,"column":70}},"type":"if","locations":[{"start":{"line":100,"column":4},"end":{"line":101,"column":70}},{"start":{},"end":{}}],"line":100},"7":{"loc":{"start":{"line":104,"column":4},"end":{"line":105,"column":67}},"type":"if","locations":[{"start":{"line":104,"column":4},"end":{"line":105,"column":67}},{"start":{},"end":{}}],"line":104},"8":{"loc":{"start":{"line":104,"column":8},"end":{"line":104,"column":35}},"type":"binary-expr","locations":[{"start":{"line":104,"column":8},"end":{"line":104,"column":14}},{"start":{"line":104,"column":18},"end":{"line":104,"column":35}}],"line":104},"9":{"loc":{"start":{"line":133,"column":2},"end":{"line":133,"column":41}},"type":"if","locations":[{"start":{"line":133,"column":2},"end":{"line":133,"column":41}},{"start":{},"end":{}}],"line":133},"10":{"loc":{"start":{"line":136,"column":4},"end":{"line":136,"column":40}},"type":"if","locations":[{"start":{"line":136,"column":4},"end":{"line":136,"column":40}},{"start":{},"end":{}}],"line":136},"11":{"loc":{"start":{"line":159,"column":21},"end":{"line":159,"column":52}},"type":"binary-expr","locations":[{"start":{"line":159,"column":21},"end":{"line":159,"column":46}},{"start":{"line":159,"column":50},"end":{"line":159,"column":52}}],"line":159},"12":{"loc":{"start":{"line":160,"column":16},"end":{"line":162,"column":10}},"type":"cond-expr","locations":[{"start":{"line":161,"column":6},"end":{"line":161,"column":30}},{"start":{"line":162,"column":6},"end":{"line":162,"column":10}}],"line":160},"13":{"loc":{"start":{"line":163,"column":2},"end":{"line":163,"column":41}},"type":"if","locations":[{"start":{"line":163,"column":2},"end":{"line":163,"column":41}},{"start":{},"end":{}}],"line":163},"14":{"loc":{"start":{"line":166,"column":4},"end":{"line":166,"column":40}},"type":"if","locations":[{"start":{"line":166,"column":4},"end":{"line":166,"column":40}},{"start":{},"end":{}}],"line":166},"15":{"loc":{"start":{"line":175,"column":2},"end":{"line":175,"column":40}},"type":"if","locations":[{"start":{"line":175,"column":2},"end":{"line":175,"column":40}},{"start":{},"end":{}}],"line":175},"16":{"loc":{"start":{"line":192,"column":2},"end":{"line":192,"column":40}},"type":"if","locations":[{"start":{"line":192,"column":2},"end":{"line":192,"column":40}},{"start":{},"end":{}}],"line":192},"17":{"loc":{"start":{"line":203,"column":2},"end":{"line":203,"column":40}},"type":"if","locations":[{"start":{"line":203,"column":2},"end":{"line":203,"column":40}},{"start":{},"end":{}}],"line":203}},"s":{"0":1,"1":1,"2":1,"3":1,"4":1,"5":1,"6":1,"7":1,"8":1,"9":1,"10":1,"11":1,"12":6,"13":1,"14":1,"15":0,"16":0,"17":0,"18":0,"19":0,"20":0,"21":0,"22":0,"23":0,"24":0,"25":1,"26":1,"27":1,"28":0,"29":1,"30":1,"31":0,"32":1,"33":1,"34":1,"35":1,"36":1,"37":5,"38":5,"39":0,"40":5,"41":5,"42":5,"43":0,"44":5,"45":5,"46":0,"47":5,"48":5,"49":5,"50":0,"51":0,"52":0,"53":0,"54":1,"55":0,"56":0,"57":0,"58":0,"59":0,"60":0,"61":0,"62":0,"63":1,"64":0,"65":1,"66":0,"67":0,"68":0,"69":0,"70":0,"71":0,"72":0,"73":0,"74":0,"75":1,"76":0,"77":0,"78":0,"79":0,"80":1,"81":0,"82":0,"83":0,"84":1,"85":0,"86":0,"87":0,"88":0,"89":0,"90":0,"91":0,"92":1,"93":0,"94":0,"95":0,"96":0,"97":0,"98":0,"99":0,"100":1},"f":{"0":6,"1":1,"2":0,"3":1,"4":5,"5":0,"6":0,"7":0,"8":0,"9":0,"10":0,"11":0,"12":0,"13":0,"14":0},"b":{"0":[0,0],"1":[0,0],"2":[0,1],"3":[0,1],"4":[0,5],"5":[0,5],"6":[0,5],"7":[5,0],"8":[5,0],"9":[0,0],"10":[0,0],"11":[0,0],"12":[0,0],"13":[0,0],"14":[0,0],"15":[0,0],"16":[0,0],"17":[0,0]},"_coverageSchema":"1a1c01bbd47fc00a2c39e90264f33305004495a9","hash":"12ac50eb1e39cb74cf163b49f4738cfbd47ca92d"}
}
