TN:
SF:index.js
FN:43,(anonymous_0)
FN:56,(anonymous_1)
FN:57,(anonymous_2)
FN:60,(anonymous_3)
FNF:4
FNH:0
FNDA:0,(anonymous_0)
FNDA:0,(anonymous_1)
FNDA:0,(anonymous_2)
FNDA:0,(anonymous_3)
DA:2,1
DA:3,1
DA:4,1
DA:5,1
DA:6,1
DA:7,1
DA:8,1
DA:9,1
DA:11,1
DA:12,1
DA:13,1
DA:16,1
DA:19,1
DA:22,1
DA:29,1
DA:32,1
DA:33,1
DA:36,1
DA:43,1
DA:46,1
DA:54,1
DA:55,0
DA:56,0
DA:57,0
DA:59,0
DA:60,0
DA:64,1
LF:27
LH:22
BRDA:54,0,0,0
BRDA:54,0,1,1
BRDA:59,1,0,0
BRDA:59,1,1,0
BRF:4
BRH:1
end_of_record
TN:
SF:models/User.js
FNF:0
FNH:0
DA:2,1
DA:4,1
DA:28,1
LF:3
LH:3
BRF:0
BRH:0
end_of_record
TN:
SF:models/loginHistory.js
FNF:0
FNH:0
DA:2,1
DA:4,1
DA:10,1
LF:3
LH:3
BRF:0
BRH:0
end_of_record
TN:
SF:routes/auth.js
FN:20,(anonymous_0)
FN:21,(anonymous_1)
FN:29,(anonymous_2)
FN:52,(anonymous_3)
FN:89,(anonymous_4)
FN:131,(anonymous_5)
FN:135,(anonymous_6)
FN:147,(anonymous_7)
FN:158,(anonymous_8)
FN:165,(anonymous_9)
FN:173,(anonymous_10)
FN:180,(anonymous_11)
FN:186,(anonymous_12)
FN:190,(anonymous_13)
FN:201,(anonymous_14)
FNF:15
FNH:4
FNDA:6,(anonymous_0)
FNDA:1,(anonymous_1)
FNDA:0,(anonymous_2)
FNDA:1,(anonymous_3)
FNDA:5,(anonymous_4)
FNDA:0,(anonymous_5)
FNDA:0,(anonymous_6)
FNDA:0,(anonymous_7)
FNDA:0,(anonymous_8)
FNDA:0,(anonymous_9)
FNDA:0,(anonymous_10)
FNDA:0,(anonymous_11)
FNDA:0,(anonymous_12)
FNDA:0,(anonymous_13)
FNDA:0,(anonymous_14)
DA:2,1
DA:3,1
DA:4,1
DA:5,1
DA:6,1
DA:7,1
DA:8,1
DA:9,1
DA:10,1
DA:13,1
DA:14,1
DA:17,1
DA:20,6
DA:22,1
DA:29,1
DA:30,0
DA:31,0
DA:33,0
DA:34,0
DA:36,0
DA:37,0
DA:38,0
DA:42,0
DA:46,1
DA:53,1
DA:54,1
DA:55,0
DA:57,1
DA:58,1
DA:59,0
DA:61,1
DA:62,1
DA:67,1
DA:73,1
DA:81,1
DA:90,5
DA:91,5
DA:92,0
DA:94,5
DA:95,5
DA:96,5
DA:97,0
DA:99,5
DA:100,5
DA:101,0
DA:103,5
DA:104,5
DA:105,5
DA:108,0
DA:109,0
DA:112,0
DA:118,0
DA:131,1
DA:132,0
DA:133,0
DA:135,0
DA:136,0
DA:137,0
DA:142,0
DA:147,1
DA:148,0
DA:158,1
DA:159,0
DA:160,0
DA:163,0
DA:165,0
DA:166,0
DA:167,0
DA:168,0
DA:173,1
DA:174,0
DA:175,0
DA:176,0
DA:180,1
DA:181,0
DA:186,0
DA:190,1
DA:191,0
DA:192,0
DA:194,0
DA:195,0
DA:196,0
DA:197,0
DA:201,1
DA:202,0
DA:203,0
DA:205,0
DA:210,0
DA:211,0
DA:213,0
DA:273,1
LF:91
LH:43
BRDA:31,0,0,0
BRDA:31,0,1,0
BRDA:34,1,0,0
BRDA:34,1,1,0
BRDA:54,2,0,0
BRDA:54,2,1,1
BRDA:58,3,0,0
BRDA:58,3,1,1
BRDA:91,4,0,0
BRDA:91,4,1,5
BRDA:96,5,0,0
BRDA:96,5,1,5
BRDA:100,6,0,0
BRDA:100,6,1,5
BRDA:104,7,0,5
BRDA:104,7,1,0
BRDA:104,8,0,5
BRDA:104,8,1,0
BRDA:133,9,0,0
BRDA:133,9,1,0
BRDA:136,10,0,0
BRDA:136,10,1,0
BRDA:159,11,0,0
BRDA:159,11,1,0
BRDA:160,12,0,0
BRDA:160,12,1,0
BRDA:163,13,0,0
BRDA:163,13,1,0
BRDA:166,14,0,0
BRDA:166,14,1,0
BRDA:175,15,0,0
BRDA:175,15,1,0
BRDA:192,16,0,0
BRDA:192,16,1,0
BRDA:203,17,0,0
BRDA:203,17,1,0
BRF:36
BRH:7
end_of_record
